#
# There is insufficient memory for the Java Runtime Environment to continue.
# Native memory allocation (malloc) failed to allocate 1039856 bytes for Chunk::new
# Possible reasons:
#   The system is out of physical RAM or swap space
#   The process is running with CompressedOops enabled, and the Java Heap may be blocking the growth of the native heap
# Possible solutions:
#   Reduce memory load on the system
#   Increase physical memory or swap space
#   Check if swap backing store is full
#   Decrease Java heap size (-Xmx/-Xms)
#   Decrease number of Java threads
#   Decrease Java thread stack sizes (-Xss)
#   Set larger code cache with -XX:ReservedCodeCacheSize=
#   JVM is running with Unscaled Compressed Oops mode in which the Java heap is
#     placed in the first 4GB address space. The Java Heap base address is the
#     maximum limit for the native heap growth. Please use -XX:HeapBaseMinAddress
#     to set the Java Heap base and to place the Java Heap above 4GB virtual address.
# This output file may be truncated or incomplete.
#
#  Out of Memory Error (allocation.cpp:389), pid=6068, tid=0x00000000000001f8
#
# JRE version: OpenJDK Runtime Environment (8.0) (build 1.8.0-25-microsoft-b00)
# Java VM: OpenJDK 64-Bit Server VM (25.71-b00 mixed mode windows-amd64 compressed oops)
# Failed to write core dump. Minidumps are not enabled by default on client versions of Windows
#

---------------  T H R E A D  ---------------

Current thread (0x0000000017b0f800):  JavaThread "C2 CompilerThread2" daemon [_thread_in_native, id=504, stack(0x00000000185e0000,0x00000000186e0000)]

Stack: [0x00000000185e0000,0x00000000186e0000]
[error occurred during error reporting (printing stack bounds), id 0xc0000005]

Native frames: (J=compiled Java code, j=interpreted, Vv=VM code, C=native code)


Current CompileTask:
C2:  14889 5622 %     4       com.android.tools.r8.ir.conversion.K::a @ 339 (951 bytes)


---------------  P R O C E S S  ---------------

Java Threads: ( => current thread )
  0x0000000018b98000 JavaThread "ForkJoinPool-1-worker-0" daemon [_thread_blocked, id=15784, stack(0x00000000194e0000,0x00000000195e0000)]
  0x0000000018de2800 JavaThread "ForkJoinPool-1-worker-3" daemon [_thread_blocked, id=14240, stack(0x00000000193e0000,0x00000000194e0000)]
  0x0000000018bad000 JavaThread "ForkJoinPool-1-worker-2" daemon [_thread_blocked, id=16116, stack(0x00000000192e0000,0x00000000193e0000)]
  0x0000000018bac800 JavaThread "ForkJoinPool-1-worker-1" daemon [_thread_in_Java, id=12760, stack(0x00000000191e0000,0x00000000192e0000)]
  0x0000000017bab000 JavaThread "Service Thread" daemon [_thread_blocked, id=8084, stack(0x00000000187e0000,0x00000000188e0000)]
  0x0000000017b26000 JavaThread "C1 CompilerThread3" daemon [_thread_blocked, id=13240, stack(0x00000000186e0000,0x00000000187e0000)]
=>0x0000000017b0f800 JavaThread "C2 CompilerThread2" daemon [_thread_in_native, id=504, stack(0x00000000185e0000,0x00000000186e0000)]
  0x0000000017b07000 JavaThread "C2 CompilerThread1" daemon [_thread_in_native, id=10428, stack(0x00000000184e0000,0x00000000185e0000)]
  0x0000000017b05000 JavaThread "C2 CompilerThread0" daemon [_thread_in_native, id=16304, stack(0x00000000183e0000,0x00000000184e0000)]
  0x0000000017b16800 JavaThread "Attach Listener" daemon [_thread_blocked, id=16800, stack(0x00000000182e0000,0x00000000183e0000)]
  0x0000000017b15800 JavaThread "Signal Dispatcher" daemon [_thread_blocked, id=10636, stack(0x00000000181e0000,0x00000000182e0000)]
  0x0000000017b00800 JavaThread "Finalizer" daemon [_thread_blocked, id=10460, stack(0x0000000017fe0000,0x00000000180e0000)]
  0x0000000015cfc000 JavaThread "Reference Handler" daemon [_thread_blocked, id=9776, stack(0x0000000017ee0000,0x0000000017fe0000)]
  0x000000000178e800 JavaThread "main" [_thread_blocked, id=10316, stack(0x0000000002fe0000,0x00000000030e0000)]

Other Threads:
  0x0000000015cf8800 VMThread [stack: 0x00000000179e0000,0x0000000017ae0000] [id=13608]
  0x0000000017bab800 WatcherThread [stack: 0x00000000188e0000,0x00000000189e0000] [id=16624]

VM state:not at safepoint (normal execution)

VM Mutex/Monitor currently owned by a thread: None

heap address: 0x00000000c0000000, size: 1024 MB, Compressed Oops mode: 32-bit
Narrow klass base: 0x0000000000000000, Narrow klass shift: 3
Compressed class space size: 1073741824 Address: 0x0000000100000000

Heap:
 PSYoungGen      total 300032K, used 240509K [0x00000000eab00000, 0x00000000fe900000, 0x0000000100000000)
  eden space 274432K, 80% used [0x00000000eab00000,0x00000000f81e3578,0x00000000fb700000)
  from space 25600K, 79% used [0x00000000fb700000,0x00000000fcafc020,0x00000000fd000000)
  to   space 25600K, 0% used [0x00000000fd000000,0x00000000fd000000,0x00000000fe900000)
 ParOldGen       total 105984K, used 69382K [0x00000000c0000000, 0x00000000c6780000, 0x00000000eab00000)
  object space 105984K, 65% used [0x00000000c0000000,0x00000000c43c1ae0,0x00000000c6780000)
 Metaspace       used 19098K, capacity 20404K, committed 20608K, reserved 1067008K
  class space    used 2295K, capacity 2570K, committed 2688K, reserved 1048576K

Card table byte_map: [0x00000000125a0000,0x00000000127b0000] byte_map_base: 0x0000000011fa0000

Marking Bits: (ParMarkBitMap*) 0x0000000055478f30
 Begin Bits: [0x0000000013110000, 0x0000000014110000)
 End Bits:   [0x0000000014110000, 0x0000000015110000)

Polling page: 0x0000000001790000

CodeCache: size=245760Kb used=22137Kb max_used=22137Kb free=223622Kb
 bounds [0x00000000031e0000, 0x0000000004790000, 0x00000000121e0000]
 total_blobs=6031 nmethods=5668 adapters=274
 compilation: enabled

Compilation events (10 events):
Event: 14.875 Thread 0x0000000017b26000 6815       1       com.android.tools.r8.graph.f0::i0 (5 bytes)
Event: 14.875 Thread 0x0000000017b26000 nmethod 6815 0x000000000478c110 code [0x000000000478c260, 0x000000000478c370]
Event: 14.876 Thread 0x0000000017b26000 6820       2       com.android.tools.r8.dex.r$$Lambda$532/696835099::accept (12 bytes)
Event: 14.876 Thread 0x0000000017b26000 nmethod 6820 0x000000000478c3d0 code [0x000000000478c540, 0x000000000478c6e8]
Event: 14.876 Thread 0x0000000017b26000 6822       3       com.android.tools.r8.utils.s0::b (44 bytes)
Event: 14.876 Thread 0x0000000017b26000 nmethod 6822 0x000000000478c7d0 code [0x000000000478c9a0, 0x000000000478cf78]
Event: 14.877 Thread 0x0000000017b26000 6821       2       com.android.tools.r8.dex.r::b (181 bytes)
Event: 14.878 Thread 0x0000000017b26000 nmethod 6821 0x000000000478d350 code [0x000000000478d5c0, 0x000000000478db38]
Event: 14.879 Thread 0x0000000017b26000 6823       3       com.android.tools.r8.utils.n0::k (39 bytes)
Event: 14.879 Thread 0x0000000017b26000 nmethod 6823 0x000000000478e2d0 code [0x000000000478e460, 0x000000000478e908]

GC Heap History (10 events):
Event: 10.594 GC heap before
{Heap before GC invocations=22 (full 1):
 PSYoungGen      total 256000K, used 244600K [0x00000000eab00000, 0x00000000fc000000, 0x0000000100000000)
  eden space 228352K, 100% used [0x00000000eab00000,0x00000000f8a00000,0x00000000f8a00000)
  from space 27648K, 58% used [0x00000000fa480000,0x00000000fb45e058,0x00000000fbf80000)
  to   space 27136K, 0% used [0x00000000f8a00000,0x00000000f8a00000,0x00000000fa480000)
 ParOldGen       total 105984K, used 60606K [0x00000000c0000000, 0x00000000c6780000, 0x00000000eab00000)
  object space 105984K, 57% used [0x00000000c0000000,0x00000000c3b2fad0,0x00000000c6780000)
 Metaspace       used 17238K, capacity 18164K, committed 18944K, reserved 1064960K
  class space    used 2079K, capacity 2312K, committed 2560K, reserved 1048576K
Event: 10.616 GC heap after
Heap after GC invocations=22 (full 1):
 PSYoungGen      total 255488K, used 16608K [0x00000000eab00000, 0x00000000fe900000, 0x0000000100000000)
  eden space 228352K, 0% used [0x00000000eab00000,0x00000000eab00000,0x00000000f8a00000)
  from space 27136K, 61% used [0x00000000f8a00000,0x00000000f9a38010,0x00000000fa480000)
  to   space 25600K, 0% used [0x00000000fd000000,0x00000000fd000000,0x00000000fe900000)
 ParOldGen       total 105984K, used 62406K [0x00000000c0000000, 0x00000000c6780000, 0x00000000eab00000)
  object space 105984K, 58% used [0x00000000c0000000,0x00000000c3cf1ad0,0x00000000c6780000)
 Metaspace       used 17238K, capacity 18164K, committed 18944K, reserved 1064960K
  class space    used 2079K, capacity 2312K, committed 2560K, reserved 1048576K
}
Event: 11.052 GC heap before
{Heap before GC invocations=23 (full 1):
 PSYoungGen      total 255488K, used 244960K [0x00000000eab00000, 0x00000000fe900000, 0x0000000100000000)
  eden space 228352K, 100% used [0x00000000eab00000,0x00000000f8a00000,0x00000000f8a00000)
  from space 27136K, 61% used [0x00000000f8a00000,0x00000000f9a38010,0x00000000fa480000)
  to   space 25600K, 0% used [0x00000000fd000000,0x00000000fd000000,0x00000000fe900000)
 ParOldGen       total 105984K, used 62406K [0x00000000c0000000, 0x00000000c6780000, 0x00000000eab00000)
  object space 105984K, 58% used [0x00000000c0000000,0x00000000c3cf1ad0,0x00000000c6780000)
 Metaspace       used 17242K, capacity 18164K, committed 18944K, reserved 1064960K
  class space    used 2079K, capacity 2312K, committed 2560K, reserved 1048576K
Event: 11.074 GC heap after
Heap after GC invocations=23 (full 1):
 PSYoungGen      total 300032K, used 17648K [0x00000000eab00000, 0x00000000fe900000, 0x0000000100000000)
  eden space 274432K, 0% used [0x00000000eab00000,0x00000000eab00000,0x00000000fb700000)
  from space 25600K, 68% used [0x00000000fd000000,0x00000000fe13c020,0x00000000fe900000)
  to   space 25600K, 0% used [0x00000000fb700000,0x00000000fb700000,0x00000000fd000000)
 ParOldGen       total 105984K, used 64366K [0x00000000c0000000, 0x00000000c6780000, 0x00000000eab00000)
  object space 105984K, 60% used [0x00000000c0000000,0x00000000c3edbad0,0x00000000c6780000)
 Metaspace       used 17242K, capacity 18164K, committed 18944K, reserved 1064960K
  class space    used 2079K, capacity 2312K, committed 2560K, reserved 1048576K
}
Event: 11.611 GC heap before
{Heap before GC invocations=24 (full 1):
 PSYoungGen      total 300032K, used 292080K [0x00000000eab00000, 0x00000000fe900000, 0x0000000100000000)
  eden space 274432K, 100% used [0x00000000eab00000,0x00000000fb700000,0x00000000fb700000)
  from space 25600K, 68% used [0x00000000fd000000,0x00000000fe13c020,0x00000000fe900000)
  to   space 25600K, 0% used [0x00000000fb700000,0x00000000fb700000,0x00000000fd000000)
 ParOldGen       total 105984K, used 64366K [0x00000000c0000000, 0x00000000c6780000, 0x00000000eab00000)
  object space 105984K, 60% used [0x00000000c0000000,0x00000000c3edbad0,0x00000000c6780000)
 Metaspace       used 17257K, capacity 18228K, committed 18944K, reserved 1064960K
  class space    used 2079K, capacity 2312K, committed 2560K, reserved 1048576K
Event: 11.635 GC heap after
Heap after GC invocations=24 (full 1):
 PSYoungGen      total 300032K, used 17984K [0x00000000eab00000, 0x00000000fe900000, 0x0000000100000000)
  eden space 274432K, 0% used [0x00000000eab00000,0x00000000eab00000,0x00000000fb700000)
  from space 25600K, 70% used [0x00000000fb700000,0x00000000fc890010,0x00000000fd000000)
  to   space 25600K, 0% used [0x00000000fd000000,0x00000000fd000000,0x00000000fe900000)
 ParOldGen       total 105984K, used 66246K [0x00000000c0000000, 0x00000000c6780000, 0x00000000eab00000)
  object space 105984K, 62% used [0x00000000c0000000,0x00000000c40b1ae0,0x00000000c6780000)
 Metaspace       used 17257K, capacity 18228K, committed 18944K, reserved 1064960K
  class space    used 2079K, capacity 2312K, committed 2560K, reserved 1048576K
}
Event: 12.162 GC heap before
{Heap before GC invocations=25 (full 1):
 PSYoungGen      total 300032K, used 292416K [0x00000000eab00000, 0x00000000fe900000, 0x0000000100000000)
  eden space 274432K, 100% used [0x00000000eab00000,0x00000000fb700000,0x00000000fb700000)
  from space 25600K, 70% used [0x00000000fb700000,0x00000000fc890010,0x00000000fd000000)
  to   space 25600K, 0% used [0x00000000fd000000,0x00000000fd000000,0x00000000fe900000)
 ParOldGen       total 105984K, used 66246K [0x00000000c0000000, 0x00000000c6780000, 0x00000000eab00000)
  object space 105984K, 62% used [0x00000000c0000000,0x00000000c40b1ae0,0x00000000c6780000)
 Metaspace       used 17275K, capacity 18228K, committed 18944K, reserved 1064960K
  class space    used 2079K, capacity 2312K, committed 2560K, reserved 1048576K
Event: 12.183 GC heap after
Heap after GC invocations=25 (full 1):
 PSYoungGen      total 300032K, used 19280K [0x00000000eab00000, 0x00000000fe900000, 0x0000000100000000)
  eden space 274432K, 0% used [0x00000000eab00000,0x00000000eab00000,0x00000000fb700000)
  from space 25600K, 75% used [0x00000000fd000000,0x00000000fe2d4020,0x00000000fe900000)
  to   space 25600K, 0% used [0x00000000fb700000,0x00000000fb700000,0x00000000fd000000)
 ParOldGen       total 105984K, used 67838K [0x00000000c0000000, 0x00000000c6780000, 0x00000000eab00000)
  object space 105984K, 64% used [0x00000000c0000000,0x00000000c423fae0,0x00000000c6780000)
 Metaspace       used 17275K, capacity 18228K, committed 18944K, reserved 1064960K
  class space    used 2079K, capacity 2312K, committed 2560K, reserved 1048576K
}
Event: 12.679 GC heap before
{Heap before GC invocations=26 (full 1):
 PSYoungGen      total 300032K, used 293712K [0x00000000eab00000, 0x00000000fe900000, 0x0000000100000000)
  eden space 274432K, 100% used [0x00000000eab00000,0x00000000fb700000,0x00000000fb700000)
  from space 25600K, 75% used [0x00000000fd000000,0x00000000fe2d4020,0x00000000fe900000)
  to   space 25600K, 0% used [0x00000000fb700000,0x00000000fb700000,0x00000000fd000000)
 ParOldGen       total 105984K, used 67838K [0x00000000c0000000, 0x00000000c6780000, 0x00000000eab00000)
  object space 105984K, 64% used [0x00000000c0000000,0x00000000c423fae0,0x00000000c6780000)
 Metaspace       used 17278K, capacity 18228K, committed 18944K, reserved 1064960K
  class space    used 2079K, capacity 2312K, committed 2560K, reserved 1048576K
Event: 12.715 GC heap after
Heap after GC invocations=26 (full 1):
 PSYoungGen      total 300032K, used 20464K [0x00000000eab00000, 0x00000000fe900000, 0x0000000100000000)
  eden space 274432K, 0% used [0x00000000eab00000,0x00000000eab00000,0x00000000fb700000)
  from space 25600K, 79% used [0x00000000fb700000,0x00000000fcafc020,0x00000000fd000000)
  to   space 25600K, 0% used [0x00000000fd000000,0x00000000fd000000,0x00000000fe900000)
 ParOldGen       total 105984K, used 69382K [0x00000000c0000000, 0x00000000c6780000, 0x00000000eab00000)
  object space 105984K, 65% used [0x00000000c0000000,0x00000000c43c1ae0,0x00000000c6780000)
 Metaspace       used 17278K, capacity 18228K, committed 18944K, reserved 1064960K
  class space    used 2079K, capacity 2312K, committed 2560K, reserved 1048576K
}

Deoptimization events (10 events):
Event: 13.157 Thread 0x000000000178e800 Uncommon trap: reason=class_check action=maybe_recompile pc=0x00000000038bc3ac method=java.util.Collections$UnmodifiableList.get(I)Ljava/lang/Object; @ 5
Event: 13.157 Thread 0x000000000178e800 Uncommon trap: reason=class_check action=maybe_recompile pc=0x00000000038cad40 method=java.util.Collections$UnmodifiableCollection.size()I @ 4
Event: 13.157 Thread 0x000000000178e800 Uncommon trap: reason=class_check action=maybe_recompile pc=0x00000000038bc3ac method=java.util.Collections$UnmodifiableList.get(I)Ljava/lang/Object; @ 5
Event: 13.158 Thread 0x000000000178e800 Uncommon trap: reason=class_check action=maybe_recompile pc=0x00000000038cad40 method=java.util.Collections$UnmodifiableCollection.size()I @ 4
Event: 13.159 Thread 0x000000000178e800 Uncommon trap: reason=class_check action=maybe_recompile pc=0x00000000038bc3ac method=java.util.Collections$UnmodifiableList.get(I)Ljava/lang/Object; @ 5
Event: 13.159 Thread 0x000000000178e800 Uncommon trap: reason=class_check action=maybe_recompile pc=0x00000000038cad40 method=java.util.Collections$UnmodifiableCollection.size()I @ 4
Event: 13.619 Thread 0x0000000018bac800 Uncommon trap: reason=unstable_if action=reinterpret pc=0x0000000003a00230 method=com.android.tools.r8.t.a.a.a.h.Z0.a(Ljava/lang/Object;)I @ 52
Event: 14.127 Thread 0x0000000018bac800 Uncommon trap: reason=unstable_if action=reinterpret pc=0x00000000036ee718 method=java.util.Arrays.equals([Ljava/lang/Object;[Ljava/lang/Object;)Z @ 23
Event: 14.134 Thread 0x0000000018bac800 Uncommon trap: reason=unstable_if action=reinterpret pc=0x00000000037cc738 method=java.util.Arrays.equals([Ljava/lang/Object;[Ljava/lang/Object;)Z @ 23
Event: 14.173 Thread 0x0000000018bac800 Uncommon trap: reason=null_check action=make_not_entrant pc=0x00000000036be7f8 method=com.android.tools.r8.graph.i0.computeEquals(Ljava/lang/Object;)Z @ 1

Classes redefined (0 events):
No events

Internal exceptions (10 events):
Event: 2.838 Thread 0x0000000018de2800 Exception <a 'java/lang/NoSuchMethodError': java.lang.Object.lambda$comparingInt$7b0bb60$1(Ljava/util/function/ToIntFunction;Ljava/lang/Object;Ljava/lang/Object;)I> (0x00000000ec687c60) thrown at [D:\j\worksp~1\openjd~3\jdk8u\hotspot\src\share\vm\interpre
Event: 2.838 Thread 0x0000000018bac800 Exception <a 'java/lang/NoSuchMethodError': java.lang.Object.lambda$comparingInt$7b0bb60$1(Ljava/util/function/ToIntFunction;Ljava/lang/Object;Ljava/lang/Object;)I> (0x00000000ec57a4d0) thrown at [D:\j\worksp~1\openjd~3\jdk8u\hotspot\src\share\vm\interpre
Event: 2.838 Thread 0x0000000018b98000 Exception <a 'java/lang/NoSuchMethodError': java.lang.Object.lambda$comparingInt$7b0bb60$1(Ljava/util/function/ToIntFunction;Ljava/lang/Object;Ljava/lang/Object;)I> (0x00000000ec71d590) thrown at [D:\j\worksp~1\openjd~3\jdk8u\hotspot\src\share\vm\interpre
Event: 2.838 Thread 0x0000000018bad000 Exception <a 'java/lang/NoSuchMethodError': java.lang.Object.lambda$comparingInt$7b0bb60$1(Ljava/util/function/ToIntFunction;Ljava/lang/Object;Ljava/lang/Object;)I> (0x00000000ec75d738) thrown at [D:\j\worksp~1\openjd~3\jdk8u\hotspot\src\share\vm\interpre
Event: 2.841 Thread 0x0000000018de2800 Exception <a 'java/lang/NoSuchMethodError': java.lang.Object.lambda$maxBy$1(Ljava/util/Comparator;Ljava/lang/Object;Ljava/lang/Object;)Ljava/lang/Object;> (0x00000000ec693e40) thrown at [D:\j\worksp~1\openjd~3\jdk8u\hotspot\src\share\vm\interpreter\linkRe
Event: 2.841 Thread 0x0000000018bad000 Exception <a 'java/lang/NoSuchMethodError': java.lang.Object.lambda$maxBy$1(Ljava/util/Comparator;Ljava/lang/Object;Ljava/lang/Object;)Ljava/lang/Object;> (0x00000000ec769488) thrown at [D:\j\worksp~1\openjd~3\jdk8u\hotspot\src\share\vm\interpreter\linkRe
Event: 2.841 Thread 0x0000000018b98000 Exception <a 'java/lang/NoSuchMethodError': java.lang.Object.lambda$maxBy$1(Ljava/util/Comparator;Ljava/lang/Object;Ljava/lang/Object;)Ljava/lang/Object;> (0x00000000ec7294c8) thrown at [D:\j\worksp~1\openjd~3\jdk8u\hotspot\src\share\vm\interpreter\linkRe
Event: 2.841 Thread 0x0000000018bac800 Exception <a 'java/lang/NoSuchMethodError': java.lang.Object.lambda$maxBy$1(Ljava/util/Comparator;Ljava/lang/Object;Ljava/lang/Object;)Ljava/lang/Object;> (0x00000000ec586268) thrown at [D:\j\worksp~1\openjd~3\jdk8u\hotspot\src\share\vm\interpreter\linkRe
Event: 13.141 Thread 0x000000000178e800 Exception <a 'java/lang/NoSuchMethodError': java.lang.Object.lambda$comparing$77a9974f$1(Ljava/util/function/Function;Ljava/lang/Object;Ljava/lang/Object;)I> (0x00000000f0fa4b98) thrown at [D:\j\worksp~1\openjd~3\jdk8u\hotspot\src\share\vm\interpreter\lin
Event: 14.173 Thread 0x0000000018bac800 Implicit null exception at 0x00000000036be68f to 0x00000000036be7ed

Events (10 events):
Event: 14.862 loading class com/android/tools/r8/dex/r
Event: 14.862 loading class com/android/tools/r8/dex/r done
Event: 14.862 loading class com/android/tools/r8/utils/m0
Event: 14.862 loading class com/android/tools/r8/utils/m0 done
Event: 14.863 loading class com/android/tools/r8/graph/W
Event: 14.863 loading class com/android/tools/r8/graph/W done
Event: 14.863 loading class com/android/tools/r8/graph/W
Event: 14.863 loading class com/android/tools/r8/graph/W done
Event: 14.863 loading class com/android/tools/r8/dex/r
Event: 14.863 loading class com/android/tools/r8/dex/r done


Dynamic libraries:
0x00007ff7ad6c0000 - 0x00007ff7ad6f5000 	C:\Program Files\Android\Jdk\microsoft_dist_openjdk_1.8.0.25\bin\java.exe
0x00007ff9f3630000 - 0x00007ff9f3825000 	C:\WINDOWS\SYSTEM32\ntdll.dll
0x00007ff9f1680000 - 0x00007ff9f173e000 	C:\WINDOWS\System32\KERNEL32.DLL
0x00007ff9f0f60000 - 0x00007ff9f1229000 	C:\WINDOWS\System32\KERNELBASE.dll
0x00007ff9f3160000 - 0x00007ff9f320c000 	C:\WINDOWS\System32\ADVAPI32.dll
0x00007ff9f1bc0000 - 0x00007ff9f1c5e000 	C:\WINDOWS\System32\msvcrt.dll
0x00007ff9f2950000 - 0x00007ff9f29eb000 	C:\WINDOWS\System32\sechost.dll
0x00007ff9f34b0000 - 0x00007ff9f35da000 	C:\WINDOWS\System32\RPCRT4.dll
0x00007ff9f2a50000 - 0x00007ff9f2bf1000 	C:\WINDOWS\System32\USER32.dll
0x00007ff9f0d50000 - 0x00007ff9f0d72000 	C:\WINDOWS\System32\win32u.dll
0x00007ff9f2c00000 - 0x00007ff9f2c2b000 	C:\WINDOWS\System32\GDI32.dll
0x00007ff9f12e0000 - 0x00007ff9f13eb000 	C:\WINDOWS\System32\gdi32full.dll
0x00007ff9f15e0000 - 0x00007ff9f167d000 	C:\WINDOWS\System32\msvcp_win.dll
0x00007ff9f0d80000 - 0x00007ff9f0e80000 	C:\WINDOWS\System32\ucrtbase.dll
0x00007ff9e22c0000 - 0x00007ff9e255a000 	C:\WINDOWS\WinSxS\amd64_microsoft.windows.common-controls_6595b64144ccf1df_6.0.19041.1110_none_60b5254171f9507e\COMCTL32.dll
0x00007ff9f1d80000 - 0x00007ff9f1db0000 	C:\WINDOWS\System32\IMM32.DLL
0x0000000055500000 - 0x00000000555d1000 	C:\Program Files\Android\Jdk\microsoft_dist_openjdk_1.8.0.25\jre\bin\msvcr100.dll
0x0000000054cb0000 - 0x00000000554f5000 	C:\Program Files\Android\Jdk\microsoft_dist_openjdk_1.8.0.25\jre\bin\server\jvm.dll
0x00007ff9f35e0000 - 0x00007ff9f35e8000 	C:\WINDOWS\System32\PSAPI.DLL
0x00007ff9e65e0000 - 0x00007ff9e6607000 	C:\WINDOWS\SYSTEM32\WINMM.dll
0x00007ff9e6830000 - 0x00007ff9e683a000 	C:\WINDOWS\SYSTEM32\VERSION.dll
0x00007ff9ebf50000 - 0x00007ff9ebf59000 	C:\WINDOWS\SYSTEM32\WSOCK32.dll
0x00007ff9f27b0000 - 0x00007ff9f281b000 	C:\WINDOWS\System32\WS2_32.dll
0x00007ff9ee150000 - 0x00007ff9ee15f000 	C:\Program Files\Android\Jdk\microsoft_dist_openjdk_1.8.0.25\jre\bin\verify.dll
0x00007ff9ec600000 - 0x00007ff9ec629000 	C:\Program Files\Android\Jdk\microsoft_dist_openjdk_1.8.0.25\jre\bin\java.dll
0x00007ff9ec570000 - 0x00007ff9ec586000 	C:\Program Files\Android\Jdk\microsoft_dist_openjdk_1.8.0.25\jre\bin\zip.dll
0x00007ff9f1e10000 - 0x00007ff9f254f000 	C:\WINDOWS\System32\SHELL32.dll
0x00007ff9eeab0000 - 0x00007ff9ef240000 	C:\WINDOWS\SYSTEM32\windows.storage.dll
0x00007ff9f2c30000 - 0x00007ff9f2f85000 	C:\WINDOWS\System32\combase.dll
0x00007ff9f06b0000 - 0x00007ff9f06dc000 	C:\WINDOWS\SYSTEM32\Wldp.dll
0x00007ff9f3270000 - 0x00007ff9f331d000 	C:\WINDOWS\System32\SHCORE.dll
0x00007ff9f2570000 - 0x00007ff9f25c5000 	C:\WINDOWS\System32\shlwapi.dll
0x00007ff9f0c90000 - 0x00007ff9f0caf000 	C:\WINDOWS\SYSTEM32\profapi.dll
0x00007ff9ec030000 - 0x00007ff9ec04a000 	C:\Program Files\Android\jdk\microsoft_dist_openjdk_1.8.0.25\jre\bin\net.dll
0x00007ff9f03e0000 - 0x00007ff9f044a000 	C:\WINDOWS\system32\mswsock.dll
0x00007ff9ebd80000 - 0x00007ff9ebd91000 	C:\Program Files\Android\jdk\microsoft_dist_openjdk_1.8.0.25\jre\bin\nio.dll

VM Arguments:
jvm_args: -Xmx1G 
java_command: com.android.tools.r8.D8 --debug --min-api 21 --output obj\Debug\110\android\bin\ --lib C:\Program Files (x86)\Android\android-sdk\platforms\android-30\android.jar obj\Debug\110\android\bin\classes.zip C:\Program Files (x86)\Microsoft Visual Studio\2019\Community\Common7\IDE\ReferenceAssemblies\Microsoft\Framework\MonoAndroid\v11.0\mono.android.jar C:\Program Files (x86)\Microsoft Visual Studio\2019\Community\MSBuild\Xamarin\Android\java_runtime_fastdev.jar C:\Program Files (x86)\Microsoft\Xamarin\NuGet\xamarin.google.guava.listenablefuture\1.0.0.2\buildTransitive\monoandroid50\guava-listenablefuture.jar C:\Program Files (x86)\Microsoft\Xamarin\NuGet\xamarin.androidx.annotation\1.1.0.8\buildTransitive\monoandroid90\..\..\jar\androidx.annotation.annotation.jar C:\Program Files (x86)\Microsoft\Xamarin\NuGet\xamarin.androidx.collection\1.1.0.6\buildTransitive\monoandroid90\..\..\jar\androidx.collection.collection.jar C:\Program Files (x86)\Microsoft\Xamarin\NuGet\xamarin.androidx.lifecycle.common\2.2.0.4\buildTransitive\monoandroid90\..\..\jar\androidx.lifecycle.lifecycle-common.jar C:\Program Files (x86)\Microsoft\Xamarin\NuGet\xamarin.androidx.arch.core.common\2.1.0.7\buildTransitive\monoandroid90\..\..\jar\androidx.arch.core.core-common.jar obj\Debug\110\lp\0\jl\formsviewgroup.jar obj\Debug\110\lp\50\jl\classes.jar obj\Debug\110\lp\51\jl\classes.jar obj\Debug\110\lp\52\jl\classes.jar obj\Debug\110\lp\53\jl\classes.jar obj\Debug\110\lp\54\jl\classes.jar obj\Debug\110\lp\55\jl\classes.jar obj\Debug\110\lp\56\jl\classes.jar obj\Debug\110\lp\57\jl\classes.jar obj\Debug\110\lp\58\jl\classes.jar obj\Debug\110\lp\59\jl\classes.jar obj\Debug\110\lp\60\jl\classes.jar obj\Debug\110\lp\61\jl\classes.jar obj\Debug\110\lp\62\jl\classes.jar obj\Debug\110\lp\63\jl\classes.jar obj\Debug\110\lp\64\jl\classes.jar obj\Debug\110\lp\65\jl\classes.jar obj\Debug\110\lp\66\jl\classes.jar obj\Debug\110\lp\67\jl\classes.jar obj\Debug\110\lp\68\jl\classes.jar obj\Debug\110\lp\6
java_class_path (initial): C:\Program Files (x86)\Microsoft Visual Studio\2019\Community\MSBuild\Xamarin\Android\r8.jar
Launcher Type: SUN_STANDARD

Environment Variables:
PATH=C:\Program Files\Android\Jdk\microsoft_dist_openjdk_1.8.0.25\bin;C:\Python39\Scripts\;C:\Python39\;C:\Program Files\Common Files\Oracle\Java\javapath;C:\WINDOWS\system32;C:\WINDOWS;C:\WINDOWS\System32\Wbem;C:\WINDOWS\System32\WindowsPowerShell\v1.0\;C:\WINDOWS\System32\OpenSSH\;C:\Program Files\Microsoft SQL Server\Client SDK\ODBC\170\Tools\Binn\;C:\Program Files (x86)\Microsoft SQL Server\150\Tools\Binn\;C:\Program Files\Microsoft SQL Server\150\Tools\Binn\;C:\Program Files\Microsoft SQL Server\150\DTS\Binn\;C:\Program Files (x86)\Microsoft SQL Server\150\DTS\Binn\;C:\Program Files\Microsoft SQL Server\130\Tools\Binn\;C:\Program Files\Git\cmd;C:\Program Files\dotnet\;C:\Program Files\Azure Data Studio\bin;C:\Program Files\nodejs\;C:\ProgramData\chocolatey\bin;C:\php8;C:\ProgramData\ComposerSetup\bin;C:\Users\admin\AppData\Local\Microsoft\WindowsApps;C:\Program Files\Azure Data Studio\bin;C:\Users\admin\AppData\Local\GitHubDesktop\bin;C:\Users\admin\.dotnet\tools;C:\Program Files\Azure Data Studio\bin;C:\Users\admin\AppData\Roaming\npm;D:\Microsoft VS Code\bin;C:\Users\admin\AppData\Roaming\Composer\vendor\bin
USERNAME=admin
OS=Windows_NT
PROCESSOR_IDENTIFIER=AMD64 Family 23 Model 24 Stepping 1, AuthenticAMD



---------------  S Y S T E M  ---------------

OS: Windows 10.0 , 64 bit Build 19041 (10.0.19041.1202)

CPU:total 8 (initial active 8) (8 cores per cpu, 1 threads per core) family 23 model 24 stepping 1, cmov, cx8, fxsr, mmx, sse, sse2, sse3, ssse3, sse4.1, sse4.2, popcnt, avx, avx2, aes, clmul, mmxext, 3dnowpref, lzcnt, sse4a, tsc, tscinvbit, tscinv, bmi1

Memory: 4k page, physical 6164744k(1060012k free), swap 14553352k(5424k free)

vm_info: OpenJDK 64-Bit Server VM (25.71-b00) for windows-amd64 JRE (1.8.0-25-microsoft-b00), built on Feb  7 2019 20:09:14 by "builder" with MS VC++ 10.0 (VS2010)

time: Fri Oct 29 20:10:41 2021
timezone: SE Asia Standard Time
elapsed time: 14 seconds (0d 0h 0m 14s)

